{"level":"sensor","message":{"bldId":"69fb44b9c35ea05200898d95","state":"on","type":"hinL","value":75},"timestamp":"2026-05-19T13:01:31.525Z"}
{"level":"sensor","message":{"bldId":"69fb44b9c35ea05200898d95","state":"on","type":"tprdL","value":21},"timestamp":"2026-05-19T13:01:31.529Z"}
{"level":"sensor","message":{"bldId":"69fb44d4c35ea05200898e12","state":"on","type":"hinL","value":75},"timestamp":"2026-05-19T13:01:31.530Z"}
{"level":"sensor","message":{"bldId":"69fb44d4c35ea05200898e12","state":"on","type":"tprdL","value":20},"timestamp":"2026-05-19T13:01:31.530Z"}
{"level":"sensor","message":{"bldId":"69fb44b9c35ea05200898d95","id":"69fb44b9c35ea05200898df0","name":"CO2","secId":"69fb44b9c35ea05200898d96","state":"on","type":"co2","value":21},"timestamp":"2026-05-19T13:01:31.530Z"}
{"level":"sensor","message":{"bldId":"69fb44b9c35ea05200898d95","id":"69fb44b9c35ea05200898de5","name":"Влажность продукта","state":"on","type":"hin","value":75},"timestamp":"2026-05-19T13:01:31.530Z"}
{"level":"sensor","message":{"bldId":"69fb44d4c35ea05200898e12","id":"69fb44d4c35ea05200898e5f","name":"Влажность продукта","state":"on","type":"hin","value":75},"timestamp":"2026-05-19T13:01:31.530Z"}
{"level":"sensor","message":{"bldId":"69fb44b9c35ea05200898d95","id":"69fb44b9c35ea05200898de4","name":"Влажность улицы","state":"on","type":"hout","value":85},"timestamp":"2026-05-19T13:01:31.530Z"}
{"level":"sensor","message":{"bldId":"69fb44d4c35ea05200898e12","id":"69fb44d4c35ea05200898e5e","name":"Влажность улицы","state":"on","type":"hout","value":85},"timestamp":"2026-05-19T13:01:31.530Z"}
{"level":"sensor","message":{"bldId":"69fb44b9c35ea05200898d95","id":"69fb44b9c35ea05200898dea","name":"Давление","secId":"69fb44b9c35ea05200898d96","state":"on","type":"p","value":100},"timestamp":"2026-05-19T13:01:31.530Z"}
{"level":"sensor","message":{"bldId":"69fb44d4c35ea05200898e12","id":"69fb44d4c35ea05200898e69","name":"Давление","secId":"69fb44d4c35ea05200898e14","state":"on","type":"p","value":61.5},"timestamp":"2026-05-19T13:01:31.530Z"}
{"level":"sensor","message":{"bldId":"69fb44b9c35ea05200898d95","id":"69fb44b9c35ea05200898de7","name":"Температура канала 1","secId":"69fb44b9c35ea05200898d96","state":"on","type":"tcnl","value":18},"timestamp":"2026-05-19T13:01:31.530Z"}
{"level":"sensor","message":{"bldId":"69fb44d4c35ea05200898e12","id":"69fb44d4c35ea05200898e65","name":"Температура канала 1","secId":"69fb44d4c35ea05200898e14","state":"on","type":"tcnl","value":18},"timestamp":"2026-05-19T13:01:31.530Z"}
{"level":"sensor","message":{"bldId":"69fb44d4c35ea05200898e12","id":"69fb44d4c35ea05200898e66","name":"Температура канала 2","secId":"69fb44d4c35ea05200898e14","state":"on","type":"tcnl","value":18},"timestamp":"2026-05-19T13:01:31.530Z"}
{"level":"sensor","message":{"bldId":"69fb44b9c35ea05200898d95","id":"69fb44b9c35ea05200898de6","name":"Температура потолка","state":"on","type":"tin","value":22},"timestamp":"2026-05-19T13:01:31.530Z"}
{"level":"sensor","message":{"bldId":"69fb44d4c35ea05200898e12","id":"69fb44d4c35ea05200898e60","name":"Температура потолка","state":"on","type":"tin","value":22},"timestamp":"2026-05-19T13:01:31.531Z"}
{"level":"sensor","message":{"bldId":"69fb44b9c35ea05200898d95","id":"69fb44b9c35ea05200898de8","name":"Температура продукта 1","secId":"69fb44b9c35ea05200898d96","state":"on","type":"tprd","value":21},"timestamp":"2026-05-19T13:01:31.531Z"}
{"level":"sensor","message":{"bldId":"69fb44d4c35ea05200898e12","id":"69fb44d4c35ea05200898e67","name":"Температура продукта 1","secId":"69fb44d4c35ea05200898e14","state":"on","type":"tprd","value":20},"timestamp":"2026-05-19T13:01:31.531Z"}
{"level":"sensor","message":{"bldId":"69fb44b9c35ea05200898d95","id":"69fb44b9c35ea05200898de9","name":"Температура продукта 2","secId":"69fb44b9c35ea05200898d96","state":"on","type":"tprd","value":21},"timestamp":"2026-05-19T13:01:31.531Z"}
{"level":"sensor","message":{"bldId":"69fb44d4c35ea05200898e12","id":"69fb44d4c35ea05200898e68","name":"Температура продукта 2","secId":"69fb44d4c35ea05200898e14","state":"on","type":"tprd","value":20},"timestamp":"2026-05-19T13:01:31.531Z"}
{"level":"sensor","message":{"bldId":"69fb44b9c35ea05200898d95","id":"69fb44b9c35ea05200898de3","name":"Улицы 1","state":"on","type":"tout","value":20},"timestamp":"2026-05-19T13:01:31.531Z"}
{"level":"sensor","message":{"bldId":"69fb44d4c35ea05200898e12","id":"69fb44d4c35ea05200898e5d","name":"Улицы 1","state":"on","type":"tout","value":20},"timestamp":"2026-05-19T13:01:31.531Z"}
{"level":"sensor","message":{"bldId":"69fb44b9c35ea05200898d95","id":"69fb44b9c35ea05200898daa","name":"Ток ВНО 1","secId":"69fb44b9c35ea05200898d96","state":"alarm","type":"vai","value":null},"timestamp":"2026-05-19T13:01:31.531Z"}
{"level":"sensor","message":{"bldId":"69fb44b9c35ea05200898d95","state":"on","type":"hinL","value":75},"timestamp":"2026-05-19T13:18:14.754Z"}
{"level":"sensor","message":{"bldId":"69fb44b9c35ea05200898d95","state":"on","type":"tprdL","value":21},"timestamp":"2026-05-19T13:18:14.755Z"}
{"level":"sensor","message":{"bldId":"69fb44d4c35ea05200898e12","state":"on","type":"hinL","value":75},"timestamp":"2026-05-19T13:18:14.755Z"}
{"level":"sensor","message":{"bldId":"69fb44d4c35ea05200898e12","state":"on","type":"tprdL","value":20},"timestamp":"2026-05-19T13:18:14.755Z"}
{"level":"sensor","message":{"bldId":"69fb44b9c35ea05200898d95","id":"69fb44b9c35ea05200898df0","name":"CO2","secId":"69fb44b9c35ea05200898d96","state":"on","type":"co2","value":21},"timestamp":"2026-05-19T13:18:14.756Z"}
{"level":"sensor","message":{"bldId":"69fb44b9c35ea05200898d95","id":"69fb44b9c35ea05200898de5","name":"Влажность продукта","state":"on","type":"hin","value":75},"timestamp":"2026-05-19T13:18:14.756Z"}
{"level":"sensor","message":{"bldId":"69fb44d4c35ea05200898e12","id":"69fb44d4c35ea05200898e5f","name":"Влажность продукта","state":"on","type":"hin","value":75},"timestamp":"2026-05-19T13:18:14.756Z"}
{"level":"sensor","message":{"bldId":"69fb44b9c35ea05200898d95","id":"69fb44b9c35ea05200898de4","name":"Влажность улицы","state":"on","type":"hout","value":85},"timestamp":"2026-05-19T13:18:14.756Z"}
{"level":"sensor","message":{"bldId":"69fb44d4c35ea05200898e12","id":"69fb44d4c35ea05200898e5e","name":"Влажность улицы","state":"on","type":"hout","value":85},"timestamp":"2026-05-19T13:18:14.757Z"}
{"level":"sensor","message":{"bldId":"69fb44b9c35ea05200898d95","id":"69fb44b9c35ea05200898dea","name":"Давление","secId":"69fb44b9c35ea05200898d96","state":"on","type":"p","value":100},"timestamp":"2026-05-19T13:18:14.757Z"}
{"level":"sensor","message":{"bldId":"69fb44d4c35ea05200898e12","id":"69fb44d4c35ea05200898e69","name":"Давление","secId":"69fb44d4c35ea05200898e14","state":"on","type":"p","value":61.5},"timestamp":"2026-05-19T13:18:14.757Z"}
{"level":"sensor","message":{"bldId":"69fb44b9c35ea05200898d95","id":"69fb44b9c35ea05200898de7","name":"Температура канала 1","secId":"69fb44b9c35ea05200898d96","state":"on","type":"tcnl","value":18},"timestamp":"2026-05-19T13:18:14.757Z"}
{"level":"sensor","message":{"bldId":"69fb44d4c35ea05200898e12","id":"69fb44d4c35ea05200898e65","name":"Температура канала 1","secId":"69fb44d4c35ea05200898e14","state":"on","type":"tcnl","value":18},"timestamp":"2026-05-19T13:18:14.757Z"}
{"level":"sensor","message":{"bldId":"69fb44d4c35ea05200898e12","id":"69fb44d4c35ea05200898e66","name":"Температура канала 2","secId":"69fb44d4c35ea05200898e14","state":"on","type":"tcnl","value":18},"timestamp":"2026-05-19T13:18:14.757Z"}
{"level":"sensor","message":{"bldId":"69fb44b9c35ea05200898d95","id":"69fb44b9c35ea05200898de6","name":"Температура потолка","state":"on","type":"tin","value":22},"timestamp":"2026-05-19T13:18:14.758Z"}
{"level":"sensor","message":{"bldId":"69fb44d4c35ea05200898e12","id":"69fb44d4c35ea05200898e60","name":"Температура потолка","state":"on","type":"tin","value":22},"timestamp":"2026-05-19T13:18:14.758Z"}
{"level":"sensor","message":{"bldId":"69fb44b9c35ea05200898d95","id":"69fb44b9c35ea05200898de8","name":"Температура продукта 1","secId":"69fb44b9c35ea05200898d96","state":"on","type":"tprd","value":21},"timestamp":"2026-05-19T13:18:14.758Z"}
{"level":"sensor","message":{"bldId":"69fb44d4c35ea05200898e12","id":"69fb44d4c35ea05200898e67","name":"Температура продукта 1","secId":"69fb44d4c35ea05200898e14","state":"on","type":"tprd","value":20},"timestamp":"2026-05-19T13:18:14.758Z"}
{"level":"sensor","message":{"bldId":"69fb44b9c35ea05200898d95","id":"69fb44b9c35ea05200898de9","name":"Температура продукта 2","secId":"69fb44b9c35ea05200898d96","state":"on","type":"tprd","value":21},"timestamp":"2026-05-19T13:18:14.758Z"}
{"level":"sensor","message":{"bldId":"69fb44d4c35ea05200898e12","id":"69fb44d4c35ea05200898e68","name":"Температура продукта 2","secId":"69fb44d4c35ea05200898e14","state":"on","type":"tprd","value":20},"timestamp":"2026-05-19T13:18:14.758Z"}
{"level":"sensor","message":{"bldId":"69fb44b9c35ea05200898d95","id":"69fb44b9c35ea05200898de3","name":"Улицы 1","state":"on","type":"tout","value":20},"timestamp":"2026-05-19T13:18:14.758Z"}
{"level":"sensor","message":{"bldId":"69fb44d4c35ea05200898e12","id":"69fb44d4c35ea05200898e5d","name":"Улицы 1","state":"on","type":"tout","value":20},"timestamp":"2026-05-19T13:18:14.758Z"}
{"level":"sensor","message":{"bldId":"69fb44b9c35ea05200898d95","id":"69fb44b9c35ea05200898daa","name":"Ток ВНО 1","secId":"69fb44b9c35ea05200898d96","state":"alarm","type":"vai","value":null},"timestamp":"2026-05-19T13:18:14.759Z"}
{"level":"sensor","message":{"bldId":"69fb44b9c35ea05200898d95","state":"on","type":"hinL","value":75},"timestamp":"2026-05-19T13:28:14.762Z"}
{"level":"sensor","message":{"bldId":"69fb44b9c35ea05200898d95","state":"on","type":"tprdL","value":21},"timestamp":"2026-05-19T13:28:14.762Z"}
{"level":"sensor","message":{"bldId":"69fb44d4c35ea05200898e12","state":"on","type":"hinL","value":75},"timestamp":"2026-05-19T13:28:14.762Z"}
{"level":"sensor","message":{"bldId":"69fb44d4c35ea05200898e12","state":"on","type":"tprdL","value":20},"timestamp":"2026-05-19T13:28:14.762Z"}
{"level":"sensor","message":{"bldId":"69fb44b9c35ea05200898d95","id":"69fb44b9c35ea05200898df0","name":"CO2","secId":"69fb44b9c35ea05200898d96","state":"on","type":"co2","value":21},"timestamp":"2026-05-19T13:28:14.762Z"}
{"level":"sensor","message":{"bldId":"69fb44b9c35ea05200898d95","id":"69fb44b9c35ea05200898de5","name":"Влажность продукта","state":"on","type":"hin","value":75},"timestamp":"2026-05-19T13:28:14.762Z"}
{"level":"sensor","message":{"bldId":"69fb44d4c35ea05200898e12","id":"69fb44d4c35ea05200898e5f","name":"Влажность продукта","state":"on","type":"hin","value":75},"timestamp":"2026-05-19T13:28:14.762Z"}
{"level":"sensor","message":{"bldId":"69fb44b9c35ea05200898d95","id":"69fb44b9c35ea05200898de4","name":"Влажность улицы","state":"on","type":"hout","value":85},"timestamp":"2026-05-19T13:28:14.762Z"}
{"level":"sensor","message":{"bldId":"69fb44d4c35ea05200898e12","id":"69fb44d4c35ea05200898e5e","name":"Влажность улицы","state":"on","type":"hout","value":85},"timestamp":"2026-05-19T13:28:14.762Z"}
{"level":"sensor","message":{"bldId":"69fb44b9c35ea05200898d95","id":"69fb44b9c35ea05200898dea","name":"Давление","secId":"69fb44b9c35ea05200898d96","state":"on","type":"p","value":100},"timestamp":"2026-05-19T13:28:14.762Z"}
{"level":"sensor","message":{"bldId":"69fb44d4c35ea05200898e12","id":"69fb44d4c35ea05200898e69","name":"Давление","secId":"69fb44d4c35ea05200898e14","state":"on","type":"p","value":61.5},"timestamp":"2026-05-19T13:28:14.762Z"}
{"level":"sensor","message":{"bldId":"69fb44b9c35ea05200898d95","id":"69fb44b9c35ea05200898de7","name":"Температура канала 1","secId":"69fb44b9c35ea05200898d96","state":"on","type":"tcnl","value":18},"timestamp":"2026-05-19T13:28:14.762Z"}
{"level":"sensor","message":{"bldId":"69fb44d4c35ea05200898e12","id":"69fb44d4c35ea05200898e65","name":"Температура канала 1","secId":"69fb44d4c35ea05200898e14","state":"on","type":"tcnl","value":18},"timestamp":"2026-05-19T13:28:14.763Z"}
{"level":"sensor","message":{"bldId":"69fb44d4c35ea05200898e12","id":"69fb44d4c35ea05200898e66","name":"Температура канала 2","secId":"69fb44d4c35ea05200898e14","state":"on","type":"tcnl","value":18},"timestamp":"2026-05-19T13:28:14.763Z"}
{"level":"sensor","message":{"bldId":"69fb44b9c35ea05200898d95","id":"69fb44b9c35ea05200898de6","name":"Температура потолка","state":"on","type":"tin","value":22},"timestamp":"2026-05-19T13:28:14.763Z"}
{"level":"sensor","message":{"bldId":"69fb44d4c35ea05200898e12","id":"69fb44d4c35ea05200898e60","name":"Температура потолка","state":"on","type":"tin","value":22},"timestamp":"2026-05-19T13:28:14.763Z"}
{"level":"sensor","message":{"bldId":"69fb44b9c35ea05200898d95","id":"69fb44b9c35ea05200898de8","name":"Температура продукта 1","secId":"69fb44b9c35ea05200898d96","state":"on","type":"tprd","value":21},"timestamp":"2026-05-19T13:28:14.763Z"}
{"level":"sensor","message":{"bldId":"69fb44d4c35ea05200898e12","id":"69fb44d4c35ea05200898e67","name":"Температура продукта 1","secId":"69fb44d4c35ea05200898e14","state":"on","type":"tprd","value":20},"timestamp":"2026-05-19T13:28:14.763Z"}
{"level":"sensor","message":{"bldId":"69fb44b9c35ea05200898d95","id":"69fb44b9c35ea05200898de9","name":"Температура продукта 2","secId":"69fb44b9c35ea05200898d96","state":"on","type":"tprd","value":21},"timestamp":"2026-05-19T13:28:14.763Z"}
{"level":"sensor","message":{"bldId":"69fb44d4c35ea05200898e12","id":"69fb44d4c35ea05200898e68","name":"Температура продукта 2","secId":"69fb44d4c35ea05200898e14","state":"on","type":"tprd","value":20},"timestamp":"2026-05-19T13:28:14.763Z"}
{"level":"sensor","message":{"bldId":"69fb44b9c35ea05200898d95","id":"69fb44b9c35ea05200898de3","name":"Улицы 1","state":"on","type":"tout","value":20},"timestamp":"2026-05-19T13:28:14.763Z"}
{"level":"sensor","message":{"bldId":"69fb44d4c35ea05200898e12","id":"69fb44d4c35ea05200898e5d","name":"Улицы 1","state":"on","type":"tout","value":20},"timestamp":"2026-05-19T13:28:14.763Z"}
{"level":"sensor","message":{"bldId":"69fb44b9c35ea05200898d95","id":"69fb44b9c35ea05200898daa","name":"Ток ВНО 1","secId":"69fb44b9c35ea05200898d96","state":"alarm","type":"vai","value":null},"timestamp":"2026-05-19T13:28:14.763Z"}
{"level":"sensor","message":{"bldId":"69fb44b9c35ea05200898d95","state":"on","type":"hinL","value":75},"timestamp":"2026-05-19T13:38:14.772Z"}
{"level":"sensor","message":{"bldId":"69fb44b9c35ea05200898d95","state":"on","type":"tprdL","value":21},"timestamp":"2026-05-19T13:38:14.773Z"}
{"level":"sensor","message":{"bldId":"69fb44d4c35ea05200898e12","state":"on","type":"hinL","value":75},"timestamp":"2026-05-19T13:38:14.773Z"}
{"level":"sensor","message":{"bldId":"69fb44d4c35ea05200898e12","state":"on","type":"tprdL","value":20},"timestamp":"2026-05-19T13:38:14.773Z"}
{"level":"sensor","message":{"bldId":"69fb44b9c35ea05200898d95","id":"69fb44b9c35ea05200898df0","name":"CO2","secId":"69fb44b9c35ea05200898d96","state":"on","type":"co2","value":21},"timestamp":"2026-05-19T13:38:14.773Z"}
{"level":"sensor","message":{"bldId":"69fb44b9c35ea05200898d95","id":"69fb44b9c35ea05200898de5","name":"Влажность продукта","state":"on","type":"hin","value":75},"timestamp":"2026-05-19T13:38:14.773Z"}
{"level":"sensor","message":{"bldId":"69fb44d4c35ea05200898e12","id":"69fb44d4c35ea05200898e5f","name":"Влажность продукта","state":"on","type":"hin","value":75},"timestamp":"2026-05-19T13:38:14.773Z"}
{"level":"sensor","message":{"bldId":"69fb44b9c35ea05200898d95","id":"69fb44b9c35ea05200898de4","name":"Влажность улицы","state":"on","type":"hout","value":85},"timestamp":"2026-05-19T13:38:14.773Z"}
{"level":"sensor","message":{"bldId":"69fb44d4c35ea05200898e12","id":"69fb44d4c35ea05200898e5e","name":"Влажность улицы","state":"on","type":"hout","value":85},"timestamp":"2026-05-19T13:38:14.773Z"}
{"level":"sensor","message":{"bldId":"69fb44b9c35ea05200898d95","id":"69fb44b9c35ea05200898dea","name":"Давление","secId":"69fb44b9c35ea05200898d96","state":"on","type":"p","value":100},"timestamp":"2026-05-19T13:38:14.773Z"}
{"level":"sensor","message":{"bldId":"69fb44d4c35ea05200898e12","id":"69fb44d4c35ea05200898e69","name":"Давление","secId":"69fb44d4c35ea05200898e14","state":"on","type":"p","value":61.5},"timestamp":"2026-05-19T13:38:14.773Z"}
{"level":"sensor","message":{"bldId":"69fb44b9c35ea05200898d95","id":"69fb44b9c35ea05200898de7","name":"Температура канала 1","secId":"69fb44b9c35ea05200898d96","state":"on","type":"tcnl","value":18},"timestamp":"2026-05-19T13:38:14.773Z"}
{"level":"sensor","message":{"bldId":"69fb44d4c35ea05200898e12","id":"69fb44d4c35ea05200898e65","name":"Температура канала 1","secId":"69fb44d4c35ea05200898e14","state":"on","type":"tcnl","value":18},"timestamp":"2026-05-19T13:38:14.773Z"}
{"level":"sensor","message":{"bldId":"69fb44d4c35ea05200898e12","id":"69fb44d4c35ea05200898e66","name":"Температура канала 2","secId":"69fb44d4c35ea05200898e14","state":"on","type":"tcnl","value":18},"timestamp":"2026-05-19T13:38:14.773Z"}
{"level":"sensor","message":{"bldId":"69fb44b9c35ea05200898d95","id":"69fb44b9c35ea05200898de6","name":"Температура потолка","state":"on","type":"tin","value":22},"timestamp":"2026-05-19T13:38:14.774Z"}
{"level":"sensor","message":{"bldId":"69fb44d4c35ea05200898e12","id":"69fb44d4c35ea05200898e60","name":"Температура потолка","state":"on","type":"tin","value":22},"timestamp":"2026-05-19T13:38:14.774Z"}
{"level":"sensor","message":{"bldId":"69fb44b9c35ea05200898d95","id":"69fb44b9c35ea05200898de8","name":"Температура продукта 1","secId":"69fb44b9c35ea05200898d96","state":"on","type":"tprd","value":21},"timestamp":"2026-05-19T13:38:14.774Z"}
{"level":"sensor","message":{"bldId":"69fb44d4c35ea05200898e12","id":"69fb44d4c35ea05200898e67","name":"Температура продукта 1","secId":"69fb44d4c35ea05200898e14","state":"on","type":"tprd","value":20},"timestamp":"2026-05-19T13:38:14.774Z"}
{"level":"sensor","message":{"bldId":"69fb44b9c35ea05200898d95","id":"69fb44b9c35ea05200898de9","name":"Температура продукта 2","secId":"69fb44b9c35ea05200898d96","state":"on","type":"tprd","value":21},"timestamp":"2026-05-19T13:38:14.774Z"}
{"level":"sensor","message":{"bldId":"69fb44d4c35ea05200898e12","id":"69fb44d4c35ea05200898e68","name":"Температура продукта 2","secId":"69fb44d4c35ea05200898e14","state":"on","type":"tprd","value":20},"timestamp":"2026-05-19T13:38:14.774Z"}
{"level":"sensor","message":{"bldId":"69fb44b9c35ea05200898d95","id":"69fb44b9c35ea05200898de3","name":"Улицы 1","state":"on","type":"tout","value":20},"timestamp":"2026-05-19T13:38:14.774Z"}
{"level":"sensor","message":{"bldId":"69fb44d4c35ea05200898e12","id":"69fb44d4c35ea05200898e5d","name":"Улицы 1","state":"on","type":"tout","value":20},"timestamp":"2026-05-19T13:38:14.774Z"}
{"level":"sensor","message":{"bldId":"69fb44b9c35ea05200898d95","id":"69fb44b9c35ea05200898daa","name":"Ток ВНО 1","secId":"69fb44b9c35ea05200898d96","state":"alarm","type":"vai","value":null},"timestamp":"2026-05-19T13:38:14.774Z"}
{"level":"sensor","message":{"bldId":"69fb44b9c35ea05200898d95","state":"on","type":"hinL","value":75},"timestamp":"2026-05-19T13:48:14.786Z"}
{"level":"sensor","message":{"bldId":"69fb44b9c35ea05200898d95","state":"on","type":"tprdL","value":21},"timestamp":"2026-05-19T13:48:14.786Z"}
{"level":"sensor","message":{"bldId":"69fb44d4c35ea05200898e12","state":"on","type":"hinL","value":75},"timestamp":"2026-05-19T13:48:14.786Z"}
{"level":"sensor","message":{"bldId":"69fb44d4c35ea05200898e12","state":"on","type":"tprdL","value":20},"timestamp":"2026-05-19T13:48:14.786Z"}
{"level":"sensor","message":{"bldId":"69fb44b9c35ea05200898d95","id":"69fb44b9c35ea05200898df0","name":"CO2","secId":"69fb44b9c35ea05200898d96","state":"on","type":"co2","value":21},"timestamp":"2026-05-19T13:48:14.786Z"}
{"level":"sensor","message":{"bldId":"69fb44b9c35ea05200898d95","id":"69fb44b9c35ea05200898de5","name":"Влажность продукта","state":"on","type":"hin","value":75},"timestamp":"2026-05-19T13:48:14.786Z"}
{"level":"sensor","message":{"bldId":"69fb44d4c35ea05200898e12","id":"69fb44d4c35ea05200898e5f","name":"Влажность продукта","state":"on","type":"hin","value":75},"timestamp":"2026-05-19T13:48:14.786Z"}
{"level":"sensor","message":{"bldId":"69fb44b9c35ea05200898d95","id":"69fb44b9c35ea05200898de4","name":"Влажность улицы","state":"on","type":"hout","value":85},"timestamp":"2026-05-19T13:48:14.787Z"}
{"level":"sensor","message":{"bldId":"69fb44d4c35ea05200898e12","id":"69fb44d4c35ea05200898e5e","name":"Влажность улицы","state":"on","type":"hout","value":85},"timestamp":"2026-05-19T13:48:14.787Z"}
{"level":"sensor","message":{"bldId":"69fb44b9c35ea05200898d95","id":"69fb44b9c35ea05200898dea","name":"Давление","secId":"69fb44b9c35ea05200898d96","state":"on","type":"p","value":100},"timestamp":"2026-05-19T13:48:14.787Z"}
{"level":"sensor","message":{"bldId":"69fb44d4c35ea05200898e12","id":"69fb44d4c35ea05200898e69","name":"Давление","secId":"69fb44d4c35ea05200898e14","state":"on","type":"p","value":61.5},"timestamp":"2026-05-19T13:48:14.787Z"}
{"level":"sensor","message":{"bldId":"69fb44b9c35ea05200898d95","id":"69fb44b9c35ea05200898de7","name":"Температура канала 1","secId":"69fb44b9c35ea05200898d96","state":"on","type":"tcnl","value":18},"timestamp":"2026-05-19T13:48:14.787Z"}
{"level":"sensor","message":{"bldId":"69fb44d4c35ea05200898e12","id":"69fb44d4c35ea05200898e65","name":"Температура канала 1","secId":"69fb44d4c35ea05200898e14","state":"on","type":"tcnl","value":18},"timestamp":"2026-05-19T13:48:14.787Z"}
{"level":"sensor","message":{"bldId":"69fb44d4c35ea05200898e12","id":"69fb44d4c35ea05200898e66","name":"Температура канала 2","secId":"69fb44d4c35ea05200898e14","state":"on","type":"tcnl","value":18},"timestamp":"2026-05-19T13:48:14.787Z"}
{"level":"sensor","message":{"bldId":"69fb44b9c35ea05200898d95","id":"69fb44b9c35ea05200898de6","name":"Температура потолка","state":"on","type":"tin","value":22},"timestamp":"2026-05-19T13:48:14.787Z"}
{"level":"sensor","message":{"bldId":"69fb44d4c35ea05200898e12","id":"69fb44d4c35ea05200898e60","name":"Температура потолка","state":"on","type":"tin","value":22},"timestamp":"2026-05-19T13:48:14.787Z"}
{"level":"sensor","message":{"bldId":"69fb44b9c35ea05200898d95","id":"69fb44b9c35ea05200898de8","name":"Температура продукта 1","secId":"69fb44b9c35ea05200898d96","state":"on","type":"tprd","value":21},"timestamp":"2026-05-19T13:48:14.787Z"}
{"level":"sensor","message":{"bldId":"69fb44d4c35ea05200898e12","id":"69fb44d4c35ea05200898e67","name":"Температура продукта 1","secId":"69fb44d4c35ea05200898e14","state":"on","type":"tprd","value":20},"timestamp":"2026-05-19T13:48:14.788Z"}
{"level":"sensor","message":{"bldId":"69fb44b9c35ea05200898d95","id":"69fb44b9c35ea05200898de9","name":"Температура продукта 2","secId":"69fb44b9c35ea05200898d96","state":"on","type":"tprd","value":21},"timestamp":"2026-05-19T13:48:14.788Z"}
{"level":"sensor","message":{"bldId":"69fb44d4c35ea05200898e12","id":"69fb44d4c35ea05200898e68","name":"Температура продукта 2","secId":"69fb44d4c35ea05200898e14","state":"on","type":"tprd","value":20},"timestamp":"2026-05-19T13:48:14.788Z"}
{"level":"sensor","message":{"bldId":"69fb44b9c35ea05200898d95","id":"69fb44b9c35ea05200898de3","name":"Улицы 1","state":"on","type":"tout","value":20},"timestamp":"2026-05-19T13:48:14.788Z"}
{"level":"sensor","message":{"bldId":"69fb44d4c35ea05200898e12","id":"69fb44d4c35ea05200898e5d","name":"Улицы 1","state":"on","type":"tout","value":20},"timestamp":"2026-05-19T13:48:14.788Z"}
{"level":"sensor","message":{"bldId":"69fb44b9c35ea05200898d95","id":"69fb44b9c35ea05200898daa","name":"Ток ВНО 1","secId":"69fb44b9c35ea05200898d96","state":"alarm","type":"vai","value":null},"timestamp":"2026-05-19T13:48:14.788Z"}
{"level":"sensor","message":{"bldId":"69fb44b9c35ea05200898d95","state":"on","type":"hinL","value":75},"timestamp":"2026-05-19T13:58:14.794Z"}
{"level":"sensor","message":{"bldId":"69fb44b9c35ea05200898d95","state":"on","type":"tprdL","value":21},"timestamp":"2026-05-19T13:58:14.795Z"}
{"level":"sensor","message":{"bldId":"69fb44d4c35ea05200898e12","state":"on","type":"hinL","value":75},"timestamp":"2026-05-19T13:58:14.796Z"}
{"level":"sensor","message":{"bldId":"69fb44d4c35ea05200898e12","state":"on","type":"tprdL","value":20},"timestamp":"2026-05-19T13:58:14.796Z"}
{"level":"sensor","message":{"bldId":"69fb44b9c35ea05200898d95","id":"69fb44b9c35ea05200898df0","name":"CO2","secId":"69fb44b9c35ea05200898d96","state":"on","type":"co2","value":21},"timestamp":"2026-05-19T13:58:14.796Z"}
{"level":"sensor","message":{"bldId":"69fb44b9c35ea05200898d95","id":"69fb44b9c35ea05200898de5","name":"Влажность продукта","state":"on","type":"hin","value":75},"timestamp":"2026-05-19T13:58:14.797Z"}
{"level":"sensor","message":{"bldId":"69fb44d4c35ea05200898e12","id":"69fb44d4c35ea05200898e5f","name":"Влажность продукта","state":"on","type":"hin","value":75},"timestamp":"2026-05-19T13:58:14.797Z"}
{"level":"sensor","message":{"bldId":"69fb44b9c35ea05200898d95","id":"69fb44b9c35ea05200898de4","name":"Влажность улицы","state":"on","type":"hout","value":85},"timestamp":"2026-05-19T13:58:14.797Z"}
{"level":"sensor","message":{"bldId":"69fb44d4c35ea05200898e12","id":"69fb44d4c35ea05200898e5e","name":"Влажность улицы","state":"on","type":"hout","value":85},"timestamp":"2026-05-19T13:58:14.798Z"}
{"level":"sensor","message":{"bldId":"69fb44b9c35ea05200898d95","id":"69fb44b9c35ea05200898dea","name":"Давление","secId":"69fb44b9c35ea05200898d96","state":"on","type":"p","value":100},"timestamp":"2026-05-19T13:58:14.798Z"}
{"level":"sensor","message":{"bldId":"69fb44d4c35ea05200898e12","id":"69fb44d4c35ea05200898e69","name":"Давление","secId":"69fb44d4c35ea05200898e14","state":"on","type":"p","value":61.5},"timestamp":"2026-05-19T13:58:14.798Z"}
{"level":"sensor","message":{"bldId":"69fb44b9c35ea05200898d95","id":"69fb44b9c35ea05200898de7","name":"Температура канала 1","secId":"69fb44b9c35ea05200898d96","state":"on","type":"tcnl","value":18},"timestamp":"2026-05-19T13:58:14.798Z"}
{"level":"sensor","message":{"bldId":"69fb44d4c35ea05200898e12","id":"69fb44d4c35ea05200898e65","name":"Температура канала 1","secId":"69fb44d4c35ea05200898e14","state":"on","type":"tcnl","value":18},"timestamp":"2026-05-19T13:58:14.799Z"}
{"level":"sensor","message":{"bldId":"69fb44d4c35ea05200898e12","id":"69fb44d4c35ea05200898e66","name":"Температура канала 2","secId":"69fb44d4c35ea05200898e14","state":"on","type":"tcnl","value":18},"timestamp":"2026-05-19T13:58:14.799Z"}
{"level":"sensor","message":{"bldId":"69fb44b9c35ea05200898d95","id":"69fb44b9c35ea05200898de6","name":"Температура потолка","state":"on","type":"tin","value":22},"timestamp":"2026-05-19T13:58:14.799Z"}
{"level":"sensor","message":{"bldId":"69fb44d4c35ea05200898e12","id":"69fb44d4c35ea05200898e60","name":"Температура потолка","state":"on","type":"tin","value":22},"timestamp":"2026-05-19T13:58:14.799Z"}
{"level":"sensor","message":{"bldId":"69fb44b9c35ea05200898d95","id":"69fb44b9c35ea05200898de8","name":"Температура продукта 1","secId":"69fb44b9c35ea05200898d96","state":"on","type":"tprd","value":21},"timestamp":"2026-05-19T13:58:14.799Z"}
{"level":"sensor","message":{"bldId":"69fb44d4c35ea05200898e12","id":"69fb44d4c35ea05200898e67","name":"Температура продукта 1","secId":"69fb44d4c35ea05200898e14","state":"on","type":"tprd","value":20},"timestamp":"2026-05-19T13:58:14.799Z"}
{"level":"sensor","message":{"bldId":"69fb44b9c35ea05200898d95","id":"69fb44b9c35ea05200898de9","name":"Температура продукта 2","secId":"69fb44b9c35ea05200898d96","state":"on","type":"tprd","value":21},"timestamp":"2026-05-19T13:58:14.799Z"}
{"level":"sensor","message":{"bldId":"69fb44d4c35ea05200898e12","id":"69fb44d4c35ea05200898e68","name":"Температура продукта 2","secId":"69fb44d4c35ea05200898e14","state":"on","type":"tprd","value":20},"timestamp":"2026-05-19T13:58:14.800Z"}
{"level":"sensor","message":{"bldId":"69fb44b9c35ea05200898d95","id":"69fb44b9c35ea05200898de3","name":"Улицы 1","state":"on","type":"tout","value":20},"timestamp":"2026-05-19T13:58:14.800Z"}
{"level":"sensor","message":{"bldId":"69fb44d4c35ea05200898e12","id":"69fb44d4c35ea05200898e5d","name":"Улицы 1","state":"on","type":"tout","value":20},"timestamp":"2026-05-19T13:58:14.800Z"}
{"level":"sensor","message":{"bldId":"69fb44b9c35ea05200898d95","id":"69fb44b9c35ea05200898daa","name":"Ток ВНО 1","secId":"69fb44b9c35ea05200898d96","state":"alarm","type":"vai","value":null},"timestamp":"2026-05-19T13:58:14.800Z"}
