{"level":"sensor","message":{"bldId":"69f9dd09c35ea05200898cd8","state":"on","type":"hinL","value":75},"timestamp":"2026-05-26T07:51:28.815Z"}
{"level":"sensor","message":{"bldId":"69f9dd09c35ea05200898cd8","state":"on","type":"tprdL","value":21},"timestamp":"2026-05-26T07:51:28.815Z"}
{"level":"sensor","message":{"bldId":"69f9dd09c35ea05200898cd8","id":"69f9dd09c35ea05200898d0e","name":"CO2","secId":"69f9dd09c35ea05200898cd9","state":"on","type":"co2","value":21},"timestamp":"2026-05-26T07:51:28.815Z"}
{"level":"sensor","message":{"bldId":"69f9dd09c35ea05200898cd8","id":"69f9dd09c35ea05200898d03","name":"Влажность продукта","state":"on","type":"hin","value":75},"timestamp":"2026-05-26T07:51:28.815Z"}
{"level":"sensor","message":{"bldId":"69f9dd09c35ea05200898cd8","id":"69f9dd09c35ea05200898d02","name":"Влажность улицы","state":"on","type":"hout","value":99.8},"timestamp":"2026-05-26T07:51:28.815Z"}
{"level":"sensor","message":{"bldId":"69f9dd09c35ea05200898cd8","id":"69f9dd09c35ea05200898d08","name":"Давление","secId":"69f9dd09c35ea05200898cd9","state":"on","type":"p","value":300},"timestamp":"2026-05-26T07:51:28.815Z"}
{"level":"sensor","message":{"bldId":"69f9dd09c35ea05200898cd8","id":"69f9dd09c35ea05200898d0d","name":"Давление","secId":"69f9dd09c35ea05200898cda","state":"on","type":"p","value":94.8},"timestamp":"2026-05-26T07:51:28.815Z"}
{"level":"sensor","message":{"bldId":"69f9dd09c35ea05200898cd8","clrId":"69f9e823c35ea05200898d42","id":"69f9e8c5c35ea05200898d48","name":"Давление всасывания","secId":"69f9dd09c35ea05200898cd9","state":"on","type":"pin","value":0},"timestamp":"2026-05-26T07:51:28.815Z"}
{"level":"sensor","message":{"bldId":"69f9dd09c35ea05200898cd8","clrId":"69f9eea1c35ea05200898d4c","id":"69f9ef5cc35ea05200898d54","name":"Давление всасывания","secId":"69f9dd09c35ea05200898cd9","state":"on","type":"pin","value":3.3},"timestamp":"2026-05-26T07:51:28.815Z"}
{"level":"sensor","message":{"bldId":"69f9dd09c35ea05200898cd8","clrId":"69f9e823c35ea05200898d42","id":"69f9e8e2c35ea05200898d49","name":"Давление нагнетания","secId":"69f9dd09c35ea05200898cd9","state":"on","type":"pout","value":0},"timestamp":"2026-05-26T07:51:28.815Z"}
{"level":"sensor","message":{"bldId":"69f9dd09c35ea05200898cd8","clrId":"69f9eea1c35ea05200898d4c","id":"69f9ef6dc35ea05200898d55","name":"Давление нагнетания","secId":"69f9dd09c35ea05200898cd9","state":"on","type":"pout","value":4.3},"timestamp":"2026-05-26T07:51:28.815Z"}
{"level":"sensor","message":{"bldId":"69f9dd09c35ea05200898cd8","clrId":"69f9ef95c35ea05200898d58","id":"69f9fcebc35ea05200898d70","name":"Темп испар","secId":"69f9dd09c35ea05200898cda","state":"on","type":"cooler","value":0},"timestamp":"2026-05-26T07:51:28.815Z"}
{"level":"sensor","message":{"bldId":"69f9dd09c35ea05200898cd8","clrId":"69f9eea1c35ea05200898d4c","id":"69f9ef36c35ea05200898d51","name":"Темп испарителя","secId":"69f9dd09c35ea05200898cd9","state":"on","type":"cooler","value":6},"timestamp":"2026-05-26T07:51:28.816Z"}
{"level":"sensor","message":{"bldId":"69f9dd09c35ea05200898cd8","clrId":"69f9e823c35ea05200898d42","id":"69f9e8a6c35ea05200898d47","name":"Температура испарителя","secId":"69f9dd09c35ea05200898cd9","state":"on","type":"cooler","value":7.4},"timestamp":"2026-05-26T07:51:28.816Z"}
{"level":"sensor","message":{"bldId":"69f9dd09c35ea05200898cd8","id":"69f9dd09c35ea05200898d05","name":"Температура канала 1","secId":"69f9dd09c35ea05200898cd9","state":"on","type":"tcnl","value":16.7},"timestamp":"2026-05-26T07:51:28.816Z"}
{"level":"sensor","message":{"bldId":"69f9dd09c35ea05200898cd8","id":"69f9dd09c35ea05200898d09","name":"Температура канала 1","secId":"69f9dd09c35ea05200898cda","state":"on","type":"tcnl","value":15},"timestamp":"2026-05-26T07:51:28.816Z"}
{"level":"sensor","message":{"bldId":"69f9dd09c35ea05200898cd8","id":"69f9dd09c35ea05200898d0a","name":"Температура канала 2","secId":"69f9dd09c35ea05200898cda","state":"on","type":"tcnl","value":15},"timestamp":"2026-05-26T07:51:28.816Z"}
{"level":"sensor","message":{"bldId":"69f9dd09c35ea05200898cd8","id":"69f9dd09c35ea05200898d04","name":"Температура потолка","state":"on","type":"tin","value":22},"timestamp":"2026-05-26T07:51:28.816Z"}
{"level":"sensor","message":{"bldId":"69f9dd09c35ea05200898cd8","id":"69f9dd09c35ea05200898d06","name":"Температура продукта 1","secId":"69f9dd09c35ea05200898cd9","state":"on","type":"tprd","value":21},"timestamp":"2026-05-26T07:51:28.816Z"}
{"level":"sensor","message":{"bldId":"69f9dd09c35ea05200898cd8","id":"69f9dd09c35ea05200898d0b","name":"Температура продукта 1","secId":"69f9dd09c35ea05200898cda","state":"on","type":"tprd","value":20},"timestamp":"2026-05-26T07:51:28.816Z"}
{"level":"sensor","message":{"bldId":"69f9dd09c35ea05200898cd8","id":"69f9dd09c35ea05200898d07","name":"Температура продукта 2","secId":"69f9dd09c35ea05200898cd9","state":"on","type":"tprd","value":21},"timestamp":"2026-05-26T07:51:28.816Z"}
{"level":"sensor","message":{"bldId":"69f9dd09c35ea05200898cd8","id":"69f9dd09c35ea05200898d0c","name":"Температура продукта 2","secId":"69f9dd09c35ea05200898cda","state":"on","type":"tprd","value":20},"timestamp":"2026-05-26T07:51:28.816Z"}
{"level":"sensor","message":{"bldId":"69f9dd09c35ea05200898cd8","id":"69f9dd09c35ea05200898d00","name":"Улицы 1","state":"on","type":"tout","value":16.3},"timestamp":"2026-05-26T07:51:28.816Z"}
{"level":"sensor","message":{"bldId":"69f9dd09c35ea05200898cd8","clrId":"69f9ef95c35ea05200898d58","id":"69f9fd09c35ea05200898d72","name":"всас","secId":"69f9dd09c35ea05200898cda","state":"on","type":"pin","value":7.5},"timestamp":"2026-05-26T07:51:28.816Z"}
{"level":"sensor","message":{"bldId":"69f9dd09c35ea05200898cd8","clrId":"69f9ef95c35ea05200898d58","id":"69f9fd26c35ea05200898d74","name":"нагн","secId":"69f9dd09c35ea05200898cda","state":"on","type":"pout","value":0},"timestamp":"2026-05-26T07:51:28.816Z"}
{"level":"sensor","message":{"bldId":"69f9dd09c35ea05200898cd8","id":"69f9dd09c35ea05200898cfe","name":"Ток ВНО 1","secId":"69f9dd09c35ea05200898cd9","state":"alarm","type":"vai","value":null},"timestamp":"2026-05-26T07:51:28.816Z"}
