{"type":"hinL","value":75,"timestamp":"2026-05-15T11:04:30.678Z","mode":"хранение"}
{"type":"tprdL","value":20,"timestamp":"2026-05-15T11:04:30.685Z","mode":"хранение"}
{"type":"co2","value":21,"timestamp":"2026-05-15T11:04:30.685Z","mode":"хранение"}
{"type":"hin","value":75,"timestamp":"2026-05-15T11:04:30.685Z","mode":"хранение"}
{"type":"hout","value":85,"timestamp":"2026-05-15T11:04:30.686Z","mode":"хранение"}
{"type":"p","value":100,"timestamp":"2026-05-15T11:04:30.686Z","mode":"хранение"}
{"type":"p","value":61.5,"timestamp":"2026-05-15T11:04:30.686Z","mode":"хранение"}
{"type":"pin","value":0,"timestamp":"2026-05-15T11:04:30.686Z","mode":"хранение"}
{"type":"pin","value":0,"timestamp":"2026-05-15T11:04:30.686Z","mode":"хранение"}
{"type":"pout","value":0,"timestamp":"2026-05-15T11:04:30.686Z","mode":"хранение"}
{"type":"pout","value":0,"timestamp":"2026-05-15T11:04:30.686Z","mode":"хранение"}
{"type":"cooler","value":0,"timestamp":"2026-05-15T11:04:30.687Z","mode":"хранение"}
{"type":"cooler","value":0,"timestamp":"2026-05-15T11:04:30.687Z","mode":"хранение"}
{"type":"cooler","value":0,"timestamp":"2026-05-15T11:04:30.687Z","mode":"хранение"}
{"type":"tcnl","value":19,"timestamp":"2026-05-15T11:04:30.687Z","mode":"хранение"}
{"type":"tcnl","value":18,"timestamp":"2026-05-15T11:04:30.687Z","mode":"хранение"}
{"type":"tcnl","value":18,"timestamp":"2026-05-15T11:04:30.687Z","mode":"хранение"}
{"type":"tin","value":22,"timestamp":"2026-05-15T11:04:30.687Z","mode":"хранение"}
{"type":"tprd","value":21,"timestamp":"2026-05-15T11:04:30.687Z","mode":"хранение"}
{"type":"tprd","value":20,"timestamp":"2026-05-15T11:04:30.688Z","mode":"хранение"}
{"type":"tprd","value":21,"timestamp":"2026-05-15T11:04:30.688Z","mode":"хранение"}
{"type":"tprd","value":20,"timestamp":"2026-05-15T11:04:30.688Z","mode":"хранение"}
{"type":"tout","value":20,"timestamp":"2026-05-15T11:04:30.688Z","mode":"хранение"}
{"type":"pin","value":0,"timestamp":"2026-05-15T11:04:30.688Z","mode":"хранение"}
{"type":"pout","value":0,"timestamp":"2026-05-15T11:04:30.688Z","mode":"хранение"}
{"type":"vai","value":null,"timestamp":"2026-05-15T11:04:30.688Z","mode":"хранение"}
{"type":"hinL","value":75,"timestamp":"2026-05-15T11:14:30.704Z","mode":"хранение"}
{"type":"tprdL","value":20,"timestamp":"2026-05-15T11:14:30.705Z","mode":"хранение"}
{"type":"co2","value":21,"timestamp":"2026-05-15T11:14:30.705Z","mode":"хранение"}
{"type":"hin","value":75,"timestamp":"2026-05-15T11:14:30.705Z","mode":"хранение"}
{"type":"hout","value":85,"timestamp":"2026-05-15T11:14:30.706Z","mode":"хранение"}
{"type":"p","value":100,"timestamp":"2026-05-15T11:14:30.706Z","mode":"хранение"}
{"type":"p","value":61.5,"timestamp":"2026-05-15T11:14:30.706Z","mode":"хранение"}
{"type":"pin","value":0,"timestamp":"2026-05-15T11:14:30.706Z","mode":"хранение"}
{"type":"pin","value":0,"timestamp":"2026-05-15T11:14:30.706Z","mode":"хранение"}
{"type":"pout","value":0,"timestamp":"2026-05-15T11:14:30.706Z","mode":"хранение"}
{"type":"pout","value":0,"timestamp":"2026-05-15T11:14:30.707Z","mode":"хранение"}
{"type":"cooler","value":0,"timestamp":"2026-05-15T11:14:30.707Z","mode":"хранение"}
{"type":"cooler","value":0,"timestamp":"2026-05-15T11:14:30.707Z","mode":"хранение"}
{"type":"cooler","value":0,"timestamp":"2026-05-15T11:14:30.707Z","mode":"хранение"}
{"type":"tcnl","value":19,"timestamp":"2026-05-15T11:14:30.707Z","mode":"хранение"}
{"type":"tcnl","value":18,"timestamp":"2026-05-15T11:14:30.707Z","mode":"хранение"}
{"type":"tcnl","value":18,"timestamp":"2026-05-15T11:14:30.708Z","mode":"хранение"}
{"type":"tin","value":22,"timestamp":"2026-05-15T11:14:30.708Z","mode":"хранение"}
{"type":"tprd","value":21,"timestamp":"2026-05-15T11:14:30.708Z","mode":"хранение"}
{"type":"tprd","value":20,"timestamp":"2026-05-15T11:14:30.708Z","mode":"хранение"}
{"type":"tprd","value":21,"timestamp":"2026-05-15T11:14:30.708Z","mode":"хранение"}
{"type":"tprd","value":20,"timestamp":"2026-05-15T11:14:30.708Z","mode":"хранение"}
{"type":"tout","value":20,"timestamp":"2026-05-15T11:14:30.709Z","mode":"хранение"}
{"type":"pin","value":0,"timestamp":"2026-05-15T11:14:30.709Z","mode":"хранение"}
{"type":"pout","value":0,"timestamp":"2026-05-15T11:14:30.709Z","mode":"хранение"}
{"type":"vai","value":null,"timestamp":"2026-05-15T11:14:30.709Z","mode":"хранение"}
{"type":"hinL","value":75,"timestamp":"2026-05-15T11:24:30.717Z","mode":"хранение"}
{"type":"tprdL","value":20,"timestamp":"2026-05-15T11:24:30.718Z","mode":"хранение"}
{"type":"co2","value":21,"timestamp":"2026-05-15T11:24:30.718Z","mode":"хранение"}
{"type":"hin","value":75,"timestamp":"2026-05-15T11:24:30.718Z","mode":"хранение"}
{"type":"hout","value":85,"timestamp":"2026-05-15T11:24:30.718Z","mode":"хранение"}
{"type":"p","value":100,"timestamp":"2026-05-15T11:24:30.718Z","mode":"хранение"}
{"type":"p","value":61.5,"timestamp":"2026-05-15T11:24:30.719Z","mode":"хранение"}
{"type":"pin","value":0,"timestamp":"2026-05-15T11:24:30.719Z","mode":"хранение"}
{"type":"pin","value":0,"timestamp":"2026-05-15T11:24:30.719Z","mode":"хранение"}
{"type":"pout","value":0,"timestamp":"2026-05-15T11:24:30.719Z","mode":"хранение"}
{"type":"pout","value":0,"timestamp":"2026-05-15T11:24:30.719Z","mode":"хранение"}
{"type":"cooler","value":0,"timestamp":"2026-05-15T11:24:30.720Z","mode":"хранение"}
{"type":"cooler","value":0,"timestamp":"2026-05-15T11:24:30.720Z","mode":"хранение"}
{"type":"cooler","value":0,"timestamp":"2026-05-15T11:24:30.720Z","mode":"хранение"}
{"type":"tcnl","value":19,"timestamp":"2026-05-15T11:24:30.720Z","mode":"хранение"}
{"type":"tcnl","value":18,"timestamp":"2026-05-15T11:24:30.720Z","mode":"хранение"}
{"type":"tcnl","value":18,"timestamp":"2026-05-15T11:24:30.720Z","mode":"хранение"}
{"type":"tin","value":22,"timestamp":"2026-05-15T11:24:30.721Z","mode":"хранение"}
{"type":"tprd","value":21,"timestamp":"2026-05-15T11:24:30.721Z","mode":"хранение"}
{"type":"tprd","value":20,"timestamp":"2026-05-15T11:24:30.721Z","mode":"хранение"}
{"type":"tprd","value":21,"timestamp":"2026-05-15T11:24:30.722Z","mode":"хранение"}
{"type":"tprd","value":20,"timestamp":"2026-05-15T11:24:30.722Z","mode":"хранение"}
{"type":"tout","value":20,"timestamp":"2026-05-15T11:24:30.722Z","mode":"хранение"}
{"type":"pin","value":0,"timestamp":"2026-05-15T11:24:30.723Z","mode":"хранение"}
{"type":"pout","value":0,"timestamp":"2026-05-15T11:24:30.723Z","mode":"хранение"}
{"type":"vai","value":null,"timestamp":"2026-05-15T11:24:30.723Z","mode":"хранение"}
{"type":"hinL","value":75,"timestamp":"2026-05-15T11:34:30.737Z","mode":"хранение"}
{"type":"tprdL","value":20,"timestamp":"2026-05-15T11:34:30.738Z","mode":"хранение"}
{"type":"co2","value":21,"timestamp":"2026-05-15T11:34:30.738Z","mode":"хранение"}
{"type":"hin","value":75,"timestamp":"2026-05-15T11:34:30.739Z","mode":"хранение"}
{"type":"hout","value":85,"timestamp":"2026-05-15T11:34:30.739Z","mode":"хранение"}
{"type":"p","value":100,"timestamp":"2026-05-15T11:34:30.739Z","mode":"хранение"}
{"type":"p","value":61.5,"timestamp":"2026-05-15T11:34:30.739Z","mode":"хранение"}
{"type":"pin","value":0,"timestamp":"2026-05-15T11:34:30.739Z","mode":"хранение"}
{"type":"pin","value":0,"timestamp":"2026-05-15T11:34:30.740Z","mode":"хранение"}
{"type":"pout","value":0,"timestamp":"2026-05-15T11:34:30.740Z","mode":"хранение"}
{"type":"pout","value":0,"timestamp":"2026-05-15T11:34:30.740Z","mode":"хранение"}
{"type":"cooler","value":0,"timestamp":"2026-05-15T11:34:30.740Z","mode":"хранение"}
{"type":"cooler","value":0,"timestamp":"2026-05-15T11:34:30.740Z","mode":"хранение"}
{"type":"cooler","value":0,"timestamp":"2026-05-15T11:34:30.741Z","mode":"хранение"}
{"type":"tcnl","value":19,"timestamp":"2026-05-15T11:34:30.741Z","mode":"хранение"}
{"type":"tcnl","value":18,"timestamp":"2026-05-15T11:34:30.741Z","mode":"хранение"}
{"type":"tcnl","value":18,"timestamp":"2026-05-15T11:34:30.741Z","mode":"хранение"}
{"type":"tin","value":22,"timestamp":"2026-05-15T11:34:30.741Z","mode":"хранение"}
{"type":"tprd","value":21,"timestamp":"2026-05-15T11:34:30.741Z","mode":"хранение"}
{"type":"tprd","value":20,"timestamp":"2026-05-15T11:34:30.742Z","mode":"хранение"}
{"type":"tprd","value":21,"timestamp":"2026-05-15T11:34:30.742Z","mode":"хранение"}
{"type":"tprd","value":20,"timestamp":"2026-05-15T11:34:30.742Z","mode":"хранение"}
{"type":"tout","value":20,"timestamp":"2026-05-15T11:34:30.742Z","mode":"хранение"}
{"type":"pin","value":0,"timestamp":"2026-05-15T11:34:30.742Z","mode":"хранение"}
{"type":"pout","value":0,"timestamp":"2026-05-15T11:34:30.742Z","mode":"хранение"}
{"type":"vai","value":null,"timestamp":"2026-05-15T11:34:30.743Z","mode":"хранение"}
{"type":"hinL","value":75,"timestamp":"2026-05-15T11:44:30.754Z","mode":"хранение"}
{"type":"tprdL","value":20,"timestamp":"2026-05-15T11:44:30.755Z","mode":"хранение"}
{"type":"co2","value":21,"timestamp":"2026-05-15T11:44:30.755Z","mode":"хранение"}
{"type":"hin","value":75,"timestamp":"2026-05-15T11:44:30.755Z","mode":"хранение"}
{"type":"hout","value":85,"timestamp":"2026-05-15T11:44:30.755Z","mode":"хранение"}
{"type":"p","value":100,"timestamp":"2026-05-15T11:44:30.755Z","mode":"хранение"}
{"type":"p","value":61.5,"timestamp":"2026-05-15T11:44:30.755Z","mode":"хранение"}
{"type":"pin","value":0,"timestamp":"2026-05-15T11:44:30.755Z","mode":"хранение"}
{"type":"pin","value":0,"timestamp":"2026-05-15T11:44:30.755Z","mode":"хранение"}
{"type":"pout","value":0,"timestamp":"2026-05-15T11:44:30.755Z","mode":"хранение"}
{"type":"pout","value":0,"timestamp":"2026-05-15T11:44:30.755Z","mode":"хранение"}
{"type":"cooler","value":0,"timestamp":"2026-05-15T11:44:30.755Z","mode":"хранение"}
{"type":"cooler","value":0,"timestamp":"2026-05-15T11:44:30.755Z","mode":"хранение"}
{"type":"cooler","value":0,"timestamp":"2026-05-15T11:44:30.755Z","mode":"хранение"}
{"type":"tcnl","value":19,"timestamp":"2026-05-15T11:44:30.755Z","mode":"хранение"}
{"type":"tcnl","value":18,"timestamp":"2026-05-15T11:44:30.755Z","mode":"хранение"}
{"type":"tcnl","value":18,"timestamp":"2026-05-15T11:44:30.755Z","mode":"хранение"}
{"type":"tin","value":22,"timestamp":"2026-05-15T11:44:30.755Z","mode":"хранение"}
{"type":"tprd","value":21,"timestamp":"2026-05-15T11:44:30.755Z","mode":"хранение"}
{"type":"tprd","value":20,"timestamp":"2026-05-15T11:44:30.755Z","mode":"хранение"}
{"type":"tprd","value":21,"timestamp":"2026-05-15T11:44:30.755Z","mode":"хранение"}
{"type":"tprd","value":20,"timestamp":"2026-05-15T11:44:30.755Z","mode":"хранение"}
{"type":"tout","value":20,"timestamp":"2026-05-15T11:44:30.755Z","mode":"хранение"}
{"type":"pin","value":0,"timestamp":"2026-05-15T11:44:30.755Z","mode":"хранение"}
{"type":"pout","value":0,"timestamp":"2026-05-15T11:44:30.755Z","mode":"хранение"}
{"type":"vai","value":null,"timestamp":"2026-05-15T11:44:30.756Z","mode":"хранение"}
